Epoch Training_error_x Training_error_y Training_error_zValidation_error_x Validation_error_y Validation_error_z
0 77.98310852050781  73.14240264892578  77.68505859375  70.2808609008789  75.00135040283203  64.14506530761719
1 62.88514709472656  53.475372314453125  58.60178756713867  53.20905303955078  50.48789978027344  37.637718200683594
2 55.033050537109375  49.97227096557617  49.12991714477539  41.55503463745117  42.9072265625  32.890472412109375
3 50.87071228027344  47.604393005371094  44.80092239379883  38.62054443359375  39.33323669433594  31.13367462158203
4 48.4820556640625  39.55940246582031  42.12721633911133  33.295692443847656  37.3536491394043  25.420087814331055
5 46.79501724243164  38.31825256347656  40.371665954589844  33.07084655761719  36.02104568481445  26.089628219604492
6 45.488040924072266  41.59400939941406  39.149330139160156  35.752010345458984  34.945735931396484  23.805194854736328
7 44.43035888671875  36.54646682739258  38.040767669677734  29.902517318725586  34.19235610961914  23.265064239501953
8 43.586090087890625  36.174720764160156  37.17074203491211  30.965789794921875  33.619510650634766  23.170129776000977
9 42.9584846496582  34.756690979003906  36.608394622802734  29.21548843383789  33.205814361572266  22.131839752197266
10 42.495155334472656  35.56563949584961  36.092308044433594  29.42484474182129  32.66384506225586  21.789573669433594
11 41.96643829345703  36.83027267456055  35.63848114013672  30.217802047729492  32.341041564941406  22.928295135498047
12 41.49185562133789  34.28401565551758  35.1651496887207  28.09175682067871  32.15775680541992  21.272428512573242
13 41.212684631347656  33.232234954833984  34.83559036254883  26.920560836791992  31.84333038330078  22.014421463012695
14 40.88387680053711  37.02963638305664  34.56616973876953  29.561750411987305  31.537776947021484  21.276926040649414
15 40.56945037841797  32.58118438720703  34.26374435424805  26.726192474365234  31.391626358032227  21.745105743408203
16 37.8646125793457  28.993141174316406  31.640045166015625  23.55086898803711  29.316896438598633  19.083927154541016
17 37.54143142700195  29.058095932006836  31.370248794555664  23.92061424255371  29.044475555419922  18.98299789428711
18 37.42266082763672  29.911510467529297  31.228349685668945  24.277870178222656  29.015344619750977  18.62973976135254
19 37.257633209228516  28.678855895996094  31.104703903198242  23.90262794494629  28.935956954956055  18.694194793701172
20 37.22737503051758  28.938676834106445  31.10182762145996  24.561676025390625  28.874820709228516  18.419384002685547
21 37.075225830078125  32.374324798583984  31.02131462097168  24.528697967529297  28.788557052612305  19.699007034301758
22 37.050472259521484  29.07758331298828  31.02043914794922  24.708574295043945  28.747549057006836  21.855030059814453
23 36.95433044433594  31.035242080688477  30.865161895751953  24.77003288269043  28.633779525756836  18.14607048034668
24 36.89444351196289  28.5274600982666  30.753767013549805  23.607830047607422  28.572269439697266  18.097103118896484
25 36.80055236816406  29.6426944732666  30.779521942138672  23.768218994140625  28.54714012145996  18.888561248779297
26 36.727664947509766  29.803085327148438  30.642498016357422  24.612640380859375  28.546640396118164  17.88275146484375
27 36.65315246582031  29.39686393737793  30.603492736816406  25.34963607788086  28.48125457763672  18.213024139404297