Epoch Training_loss
0  5.833345043195899
1  4.112802271531987
2  3.499956263980396
3  3.2125236739032537
4  3.0444190676578944
5  2.930861426145741
6  2.842398528659646
7  2.7741221073573348
8  2.720471686663921
9  2.6807052698235325
10  2.644589647990356
11  2.615156617761005
12  2.5882318023342488
13  2.565723252116739
14  2.546054873608727
15  2.5286822800039173
16  2.355939986379946
17  2.3353244654024468
18  2.329050221843019
19  2.320708096834634
20  2.3177931907577545
21  2.311206405639429
22  2.308889446546449
23  2.3002103844429356
24  2.293568177414468
25  2.291851701475969
26  2.287443827622249
27  2.2843830848905853